[0.663s] Invoking command in '/home/antonio/Documents/Github/entregas/m-8/meu_workspace/src/ola_mundo': PYTHONPATH=/home/antonio/Documents/Github/entregas/m-8/meu_workspace/build/ola_mundo/prefix_override:/home/antonio/Documents/Github/entregas/m-8/meu_workspace/install/ola_mundo/lib/python3.10/site-packages:${PYTHONPATH} /usr/bin/python3 setup.py egg_info --egg-base ../../build/ola_mundo build --build-base /home/antonio/Documents/Github/entregas/m-8/meu_workspace/build/ola_mundo/build install --record /home/antonio/Documents/Github/entregas/m-8/meu_workspace/build/ola_mundo/install.log --single-version-externally-managed
[0.806s] running egg_info
[0.807s] writing ../../build/ola_mundo/ola_mundo.egg-info/PKG-INFO
[0.808s] writing dependency_links to ../../build/ola_mundo/ola_mundo.egg-info/dependency_links.txt
[0.808s] writing entry points to ../../build/ola_mundo/ola_mundo.egg-info/entry_points.txt
[0.808s] writing requirements to ../../build/ola_mundo/ola_mundo.egg-info/requires.txt
[0.808s] writing top-level names to ../../build/ola_mundo/ola_mundo.egg-info/top_level.txt
[0.809s] reading manifest file '../../build/ola_mundo/ola_mundo.egg-info/SOURCES.txt'
[0.814s] writing manifest file '../../build/ola_mundo/ola_mundo.egg-info/SOURCES.txt'
[0.814s] running build
[0.814s] running build_py
[0.815s] copying ola_mundo/navigation.py -> /home/antonio/Documents/Github/entregas/m-8/meu_workspace/build/ola_mundo/build/lib/ola_mundo
[0.815s] running install
[0.816s] /usr/lib/python3/dist-packages/setuptools/command/install.py:34: SetuptoolsDeprecationWarning: setup.py install is deprecated. Use build and pip and other standards-based tools.
[0.816s]   warnings.warn(
[0.816s] running install_lib
[0.816s] copying /home/antonio/Documents/Github/entregas/m-8/meu_workspace/build/ola_mundo/build/lib/ola_mundo/navigation.py -> /home/antonio/Documents/Github/entregas/m-8/meu_workspace/install/ola_mundo/lib/python3.10/site-packages/ola_mundo
[0.817s] byte-compiling /home/antonio/Documents/Github/entregas/m-8/meu_workspace/install/ola_mundo/lib/python3.10/site-packages/ola_mundo/navigation.py to navigation.cpython-310.pyc
[0.817s] running install_data
[0.819s] running install_egg_info
[0.820s] removing '/home/antonio/Documents/Github/entregas/m-8/meu_workspace/install/ola_mundo/lib/python3.10/site-packages/ola_mundo-0.0.0-py3.10.egg-info' (and everything under it)
[0.820s] Copying ../../build/ola_mundo/ola_mundo.egg-info to /home/antonio/Documents/Github/entregas/m-8/meu_workspace/install/ola_mundo/lib/python3.10/site-packages/ola_mundo-0.0.0-py3.10.egg-info
[0.821s] running install_scripts
[0.836s] Installing navigation script to /home/antonio/Documents/Github/entregas/m-8/meu_workspace/install/ola_mundo/lib/ola_mundo
[0.837s] Installing ola script to /home/antonio/Documents/Github/entregas/m-8/meu_workspace/install/ola_mundo/lib/ola_mundo
[0.837s] writing list of installed files to '/home/antonio/Documents/Github/entregas/m-8/meu_workspace/build/ola_mundo/install.log'
[0.854s] Invoked command in '/home/antonio/Documents/Github/entregas/m-8/meu_workspace/src/ola_mundo' returned '0': PYTHONPATH=/home/antonio/Documents/Github/entregas/m-8/meu_workspace/build/ola_mundo/prefix_override:/home/antonio/Documents/Github/entregas/m-8/meu_workspace/install/ola_mundo/lib/python3.10/site-packages:${PYTHONPATH} /usr/bin/python3 setup.py egg_info --egg-base ../../build/ola_mundo build --build-base /home/antonio/Documents/Github/entregas/m-8/meu_workspace/build/ola_mundo/build install --record /home/antonio/Documents/Github/entregas/m-8/meu_workspace/build/ola_mundo/install.log --single-version-externally-managed
