[0.562s] Invoking command in '/home/antonio/Documents/Github/entregas/m-8/meu_workspace/src/ola_mundo': PYTHONPATH=/home/antonio/Documents/Github/entregas/m-8/meu_workspace/build/ola_mundo/prefix_override:/home/antonio/Documents/Github/entregas/m-8/meu_workspace/install/ola_mundo/lib/python3.10/site-packages:${PYTHONPATH} /usr/bin/python3 setup.py egg_info --egg-base ../../build/ola_mundo build --build-base /home/antonio/Documents/Github/entregas/m-8/meu_workspace/build/ola_mundo/build install --record /home/antonio/Documents/Github/entregas/m-8/meu_workspace/build/ola_mundo/install.log --single-version-externally-managed
[0.737s] running egg_info
[0.738s] writing ../../build/ola_mundo/ola_mundo.egg-info/PKG-INFO
[0.739s] writing dependency_links to ../../build/ola_mundo/ola_mundo.egg-info/dependency_links.txt
[0.739s] writing entry points to ../../build/ola_mundo/ola_mundo.egg-info/entry_points.txt
[0.739s] writing requirements to ../../build/ola_mundo/ola_mundo.egg-info/requires.txt
[0.739s] writing top-level names to ../../build/ola_mundo/ola_mundo.egg-info/top_level.txt
[0.741s] reading manifest file '../../build/ola_mundo/ola_mundo.egg-info/SOURCES.txt'
[0.741s] writing manifest file '../../build/ola_mundo/ola_mundo.egg-info/SOURCES.txt'
[0.741s] running build
[0.742s] running build_py
[0.742s] copying ola_mundo/navigation.py -> /home/antonio/Documents/Github/entregas/m-8/meu_workspace/build/ola_mundo/build/lib/ola_mundo
[0.742s] copying ola_mundo/ola.py -> /home/antonio/Documents/Github/entregas/m-8/meu_workspace/build/ola_mundo/build/lib/ola_mundo
[0.742s] running install
[0.742s] /usr/lib/python3/dist-packages/setuptools/command/install.py:34: SetuptoolsDeprecationWarning: setup.py install is deprecated. Use build and pip and other standards-based tools.
[0.742s]   warnings.warn(
[0.742s] running install_lib
[0.743s] copying /home/antonio/Documents/Github/entregas/m-8/meu_workspace/build/ola_mundo/build/lib/ola_mundo/navigation.py -> /home/antonio/Documents/Github/entregas/m-8/meu_workspace/install/ola_mundo/lib/python3.10/site-packages/ola_mundo
[0.743s] copying /home/antonio/Documents/Github/entregas/m-8/meu_workspace/build/ola_mundo/build/lib/ola_mundo/ola.py -> /home/antonio/Documents/Github/entregas/m-8/meu_workspace/install/ola_mundo/lib/python3.10/site-packages/ola_mundo
[0.743s] byte-compiling /home/antonio/Documents/Github/entregas/m-8/meu_workspace/install/ola_mundo/lib/python3.10/site-packages/ola_mundo/navigation.py to navigation.cpython-310.pyc
[0.744s] byte-compiling /home/antonio/Documents/Github/entregas/m-8/meu_workspace/install/ola_mundo/lib/python3.10/site-packages/ola_mundo/ola.py to ola.cpython-310.pyc
[0.744s] running install_data
[0.744s] running install_egg_info
[0.746s] removing '/home/antonio/Documents/Github/entregas/m-8/meu_workspace/install/ola_mundo/lib/python3.10/site-packages/ola_mundo-0.0.0-py3.10.egg-info' (and everything under it)
[0.746s] Copying ../../build/ola_mundo/ola_mundo.egg-info to /home/antonio/Documents/Github/entregas/m-8/meu_workspace/install/ola_mundo/lib/python3.10/site-packages/ola_mundo-0.0.0-py3.10.egg-info
[0.746s] running install_scripts
[0.765s] Installing navigation script to /home/antonio/Documents/Github/entregas/m-8/meu_workspace/install/ola_mundo/lib/ola_mundo
[0.766s] Installing ola script to /home/antonio/Documents/Github/entregas/m-8/meu_workspace/install/ola_mundo/lib/ola_mundo
[0.766s] writing list of installed files to '/home/antonio/Documents/Github/entregas/m-8/meu_workspace/build/ola_mundo/install.log'
[0.801s] Invoked command in '/home/antonio/Documents/Github/entregas/m-8/meu_workspace/src/ola_mundo' returned '0': PYTHONPATH=/home/antonio/Documents/Github/entregas/m-8/meu_workspace/build/ola_mundo/prefix_override:/home/antonio/Documents/Github/entregas/m-8/meu_workspace/install/ola_mundo/lib/python3.10/site-packages:${PYTHONPATH} /usr/bin/python3 setup.py egg_info --egg-base ../../build/ola_mundo build --build-base /home/antonio/Documents/Github/entregas/m-8/meu_workspace/build/ola_mundo/build install --record /home/antonio/Documents/Github/entregas/m-8/meu_workspace/build/ola_mundo/install.log --single-version-externally-managed
