[1.219s] DEBUG:colcon:Command line arguments: ['/usr/bin/colcon', 'list', '-p', '--base-paths', '/home/antonio/Documents/Github/entregas/m-8/ponderada3/workspace']
[1.219s] DEBUG:colcon:Parsed command line arguments: Namespace(log_base=None, log_level=None, verb_name='list', build_base='build', ignore_user_meta=False, metas=['./colcon.meta'], base_paths=['/home/antonio/Documents/Github/entregas/m-8/ponderada3/workspace'], packages_ignore=None, packages_ignore_regex=None, paths=None, packages_up_to=None, packages_up_to_regex=None, packages_above=None, packages_above_and_dependencies=None, packages_above_depth=None, packages_select_by_dep=None, packages_skip_by_dep=None, packages_skip_up_to=None, packages_select_build_failed=False, packages_skip_build_finished=False, packages_select_test_failures=False, packages_skip_test_passed=False, packages_select=None, packages_skip=None, packages_select_regex=None, packages_skip_regex=None, packages_start=None, packages_end=None, allow_overriding=[], topological_order=False, names_only=False, paths_only=True, topological_graph=False, topological_graph_dot=False, topological_graph_density=False, topological_graph_legend=False, topological_graph_dot_cluster=False, topological_graph_dot_include_skipped=False, verb_parser=<colcon_defaults.argument_parser.defaults.DefaultArgumentsDecorator object at 0x7f71323cf280>, verb_extension=<colcon_package_information.verb.list.ListVerb object at 0x7f71323ccf70>, main=<bound method ListVerb.main of <colcon_package_information.verb.list.ListVerb object at 0x7f71323ccf70>>)
[1.280s] Level 1:colcon.colcon_core.package_discovery:discover_packages(colcon_meta) check parameters
[1.280s] Level 1:colcon.colcon_core.package_discovery:discover_packages(recursive) check parameters
[1.280s] Level 1:colcon.colcon_core.package_discovery:discover_packages(ignore) check parameters
[1.280s] Level 1:colcon.colcon_core.package_discovery:discover_packages(path) check parameters
[1.280s] Level 1:colcon.colcon_core.package_discovery:discover_packages(recursive) discover
[1.280s] INFO:colcon.colcon_core.package_discovery:Crawling recursively for packages in '/home/antonio/Documents/Github/entregas/m-8/ponderada3/workspace'
[1.280s] Level 1:colcon.colcon_core.package_identification:_identify(/home/antonio/Documents/Github/entregas/m-8/ponderada3/workspace) by extensions ['ignore', 'ignore_ament_install']
[1.280s] Level 1:colcon.colcon_core.package_identification:_identify(/home/antonio/Documents/Github/entregas/m-8/ponderada3/workspace) by extension 'ignore'
[1.280s] Level 1:colcon.colcon_core.package_identification:_identify(/home/antonio/Documents/Github/entregas/m-8/ponderada3/workspace) by extension 'ignore_ament_install'
[1.280s] Level 1:colcon.colcon_core.package_identification:_identify(/home/antonio/Documents/Github/entregas/m-8/ponderada3/workspace) by extensions ['colcon_pkg']
[1.280s] Level 1:colcon.colcon_core.package_identification:_identify(/home/antonio/Documents/Github/entregas/m-8/ponderada3/workspace) by extension 'colcon_pkg'
[1.280s] Level 1:colcon.colcon_core.package_identification:_identify(/home/antonio/Documents/Github/entregas/m-8/ponderada3/workspace) by extensions ['colcon_meta']
[1.280s] Level 1:colcon.colcon_core.package_identification:_identify(/home/antonio/Documents/Github/entregas/m-8/ponderada3/workspace) by extension 'colcon_meta'
[1.281s] Level 1:colcon.colcon_core.package_identification:_identify(/home/antonio/Documents/Github/entregas/m-8/ponderada3/workspace) by extensions ['ros']
[1.281s] Level 1:colcon.colcon_core.package_identification:_identify(/home/antonio/Documents/Github/entregas/m-8/ponderada3/workspace) by extension 'ros'
[1.294s] Level 1:colcon.colcon_core.package_identification:_identify(/home/antonio/Documents/Github/entregas/m-8/ponderada3/workspace) by extensions ['cmake', 'python']
[1.295s] Level 1:colcon.colcon_core.package_identification:_identify(/home/antonio/Documents/Github/entregas/m-8/ponderada3/workspace) by extension 'cmake'
[1.295s] Level 1:colcon.colcon_core.package_identification:_identify(/home/antonio/Documents/Github/entregas/m-8/ponderada3/workspace) by extension 'python'
[1.295s] Level 1:colcon.colcon_core.package_identification:_identify(/home/antonio/Documents/Github/entregas/m-8/ponderada3/workspace) by extensions ['python_setup_py']
[1.295s] Level 1:colcon.colcon_core.package_identification:_identify(/home/antonio/Documents/Github/entregas/m-8/ponderada3/workspace) by extension 'python_setup_py'
[1.295s] Level 1:colcon.colcon_core.package_identification:_identify(/home/antonio/Documents/Github/entregas/m-8/ponderada3/workspace/build) by extensions ['ignore', 'ignore_ament_install']
[1.295s] Level 1:colcon.colcon_core.package_identification:_identify(/home/antonio/Documents/Github/entregas/m-8/ponderada3/workspace/build) by extension 'ignore'
[1.295s] Level 1:colcon.colcon_core.package_identification:_identify(/home/antonio/Documents/Github/entregas/m-8/ponderada3/workspace/build) ignored
[1.295s] Level 1:colcon.colcon_core.package_identification:_identify(/home/antonio/Documents/Github/entregas/m-8/ponderada3/workspace/install) by extensions ['ignore', 'ignore_ament_install']
[1.296s] Level 1:colcon.colcon_core.package_identification:_identify(/home/antonio/Documents/Github/entregas/m-8/ponderada3/workspace/install) by extension 'ignore'
[1.296s] Level 1:colcon.colcon_core.package_identification:_identify(/home/antonio/Documents/Github/entregas/m-8/ponderada3/workspace/install) ignored
[1.296s] Level 1:colcon.colcon_core.package_identification:_identify(/home/antonio/Documents/Github/entregas/m-8/ponderada3/workspace/log) by extensions ['ignore', 'ignore_ament_install']
[1.296s] Level 1:colcon.colcon_core.package_identification:_identify(/home/antonio/Documents/Github/entregas/m-8/ponderada3/workspace/log) by extension 'ignore'
[1.296s] Level 1:colcon.colcon_core.package_identification:_identify(/home/antonio/Documents/Github/entregas/m-8/ponderada3/workspace/log) ignored
[1.296s] Level 1:colcon.colcon_core.package_identification:_identify(/home/antonio/Documents/Github/entregas/m-8/ponderada3/workspace/src) by extensions ['ignore', 'ignore_ament_install']
[1.296s] Level 1:colcon.colcon_core.package_identification:_identify(/home/antonio/Documents/Github/entregas/m-8/ponderada3/workspace/src) by extension 'ignore'
[1.296s] Level 1:colcon.colcon_core.package_identification:_identify(/home/antonio/Documents/Github/entregas/m-8/ponderada3/workspace/src) by extension 'ignore_ament_install'
[1.296s] Level 1:colcon.colcon_core.package_identification:_identify(/home/antonio/Documents/Github/entregas/m-8/ponderada3/workspace/src) by extensions ['colcon_pkg']
[1.296s] Level 1:colcon.colcon_core.package_identification:_identify(/home/antonio/Documents/Github/entregas/m-8/ponderada3/workspace/src) by extension 'colcon_pkg'
[1.296s] Level 1:colcon.colcon_core.package_identification:_identify(/home/antonio/Documents/Github/entregas/m-8/ponderada3/workspace/src) by extensions ['colcon_meta']
[1.296s] Level 1:colcon.colcon_core.package_identification:_identify(/home/antonio/Documents/Github/entregas/m-8/ponderada3/workspace/src) by extension 'colcon_meta'
[1.296s] Level 1:colcon.colcon_core.package_identification:_identify(/home/antonio/Documents/Github/entregas/m-8/ponderada3/workspace/src) by extensions ['ros']
[1.296s] Level 1:colcon.colcon_core.package_identification:_identify(/home/antonio/Documents/Github/entregas/m-8/ponderada3/workspace/src) by extension 'ros'
[1.297s] Level 1:colcon.colcon_core.package_identification:_identify(/home/antonio/Documents/Github/entregas/m-8/ponderada3/workspace/src) by extensions ['cmake', 'python']
[1.297s] Level 1:colcon.colcon_core.package_identification:_identify(/home/antonio/Documents/Github/entregas/m-8/ponderada3/workspace/src) by extension 'cmake'
[1.297s] Level 1:colcon.colcon_core.package_identification:_identify(/home/antonio/Documents/Github/entregas/m-8/ponderada3/workspace/src) by extension 'python'
[1.297s] Level 1:colcon.colcon_core.package_identification:_identify(/home/antonio/Documents/Github/entregas/m-8/ponderada3/workspace/src) by extensions ['python_setup_py']
[1.297s] Level 1:colcon.colcon_core.package_identification:_identify(/home/antonio/Documents/Github/entregas/m-8/ponderada3/workspace/src) by extension 'python_setup_py'
[1.297s] Level 1:colcon.colcon_core.package_identification:_identify(/home/antonio/Documents/Github/entregas/m-8/ponderada3/workspace/src/ola_mundo) by extensions ['ignore', 'ignore_ament_install']
[1.297s] Level 1:colcon.colcon_core.package_identification:_identify(/home/antonio/Documents/Github/entregas/m-8/ponderada3/workspace/src/ola_mundo) by extension 'ignore'
[1.297s] Level 1:colcon.colcon_core.package_identification:_identify(/home/antonio/Documents/Github/entregas/m-8/ponderada3/workspace/src/ola_mundo) by extension 'ignore_ament_install'
[1.297s] Level 1:colcon.colcon_core.package_identification:_identify(/home/antonio/Documents/Github/entregas/m-8/ponderada3/workspace/src/ola_mundo) by extensions ['colcon_pkg']
[1.297s] Level 1:colcon.colcon_core.package_identification:_identify(/home/antonio/Documents/Github/entregas/m-8/ponderada3/workspace/src/ola_mundo) by extension 'colcon_pkg'
[1.297s] Level 1:colcon.colcon_core.package_identification:_identify(/home/antonio/Documents/Github/entregas/m-8/ponderada3/workspace/src/ola_mundo) by extensions ['colcon_meta']
[1.297s] Level 1:colcon.colcon_core.package_identification:_identify(/home/antonio/Documents/Github/entregas/m-8/ponderada3/workspace/src/ola_mundo) by extension 'colcon_meta'
[1.297s] Level 1:colcon.colcon_core.package_identification:_identify(/home/antonio/Documents/Github/entregas/m-8/ponderada3/workspace/src/ola_mundo) by extensions ['ros']
[1.297s] Level 1:colcon.colcon_core.package_identification:_identify(/home/antonio/Documents/Github/entregas/m-8/ponderada3/workspace/src/ola_mundo) by extension 'ros'
[1.301s] DEBUG:colcon.colcon_core.package_identification:Package '/home/antonio/Documents/Github/entregas/m-8/ponderada3/workspace/src/ola_mundo' with type 'ros.ament_python' and name 'ola_mundo'
[1.301s] Level 1:colcon.colcon_core.package_discovery:discover_packages(recursive) using defaults
