[0.584s] DEBUG:colcon:Command line arguments: ['/usr/bin/colcon', 'build']
[0.584s] DEBUG:colcon:Parsed command line arguments: Namespace(log_base=None, log_level=None, verb_name='build', build_base='build', install_base='install', merge_install=False, symlink_install=False, test_result_base=None, continue_on_error=False, executor='parallel', parallel_workers=8, event_handlers=None, ignore_user_meta=False, metas=['./colcon.meta'], base_paths=['.'], packages_ignore=None, packages_ignore_regex=None, paths=None, packages_up_to=None, packages_up_to_regex=None, packages_above=None, packages_above_and_dependencies=None, packages_above_depth=None, packages_select_by_dep=None, packages_skip_by_dep=None, packages_skip_up_to=None, packages_select_build_failed=False, packages_skip_build_finished=False, packages_select_test_failures=False, packages_skip_test_passed=False, packages_select=None, packages_skip=None, packages_select_regex=None, packages_skip_regex=None, packages_start=None, packages_end=None, allow_overriding=[], cmake_args=None, cmake_target=None, cmake_target_skip_unavailable=False, cmake_clean_cache=False, cmake_clean_first=False, cmake_force_configure=False, ament_cmake_args=None, catkin_cmake_args=None, catkin_skip_building_tests=False, verb_parser=<colcon_defaults.argument_parser.defaults.DefaultArgumentsDecorator object at 0x7f8ba9c57490>, verb_extension=<colcon_core.verb.build.BuildVerb object at 0x7f8ba9f0c490>, main=<bound method BuildVerb.main of <colcon_core.verb.build.BuildVerb object at 0x7f8ba9f0c490>>)
[0.612s] Level 1:colcon.colcon_core.package_discovery:discover_packages(colcon_meta) check parameters
[0.612s] Level 1:colcon.colcon_core.package_discovery:discover_packages(recursive) check parameters
[0.612s] Level 1:colcon.colcon_core.package_discovery:discover_packages(ignore) check parameters
[0.612s] Level 1:colcon.colcon_core.package_discovery:discover_packages(path) check parameters
[0.612s] Level 1:colcon.colcon_core.package_discovery:discover_packages(colcon_meta) discover
[0.612s] Level 1:colcon.colcon_core.package_discovery:discover_packages(recursive) discover
[0.612s] INFO:colcon.colcon_core.package_discovery:Crawling recursively for packages in '/home/antonio/Documents/Github/entregas/m-8/meu_workspace'
[0.612s] Level 1:colcon.colcon_core.package_identification:_identify(.) by extensions ['ignore', 'ignore_ament_install']
[0.612s] Level 1:colcon.colcon_core.package_identification:_identify(.) by extension 'ignore'
[0.612s] Level 1:colcon.colcon_core.package_identification:_identify(.) by extension 'ignore_ament_install'
[0.612s] Level 1:colcon.colcon_core.package_identification:_identify(.) by extensions ['colcon_pkg']
[0.612s] Level 1:colcon.colcon_core.package_identification:_identify(.) by extension 'colcon_pkg'
[0.612s] Level 1:colcon.colcon_core.package_identification:_identify(.) by extensions ['colcon_meta']
[0.612s] Level 1:colcon.colcon_core.package_identification:_identify(.) by extension 'colcon_meta'
[0.612s] Level 1:colcon.colcon_core.package_identification:_identify(.) by extensions ['ros']
[0.612s] Level 1:colcon.colcon_core.package_identification:_identify(.) by extension 'ros'
[0.619s] Level 1:colcon.colcon_core.package_identification:_identify(.) by extensions ['cmake', 'python']
[0.619s] Level 1:colcon.colcon_core.package_identification:_identify(.) by extension 'cmake'
[0.619s] Level 1:colcon.colcon_core.package_identification:_identify(.) by extension 'python'
[0.619s] Level 1:colcon.colcon_core.package_identification:_identify(.) by extensions ['python_setup_py']
[0.619s] Level 1:colcon.colcon_core.package_identification:_identify(.) by extension 'python_setup_py'
[0.619s] Level 1:colcon.colcon_core.package_identification:_identify(build) by extensions ['ignore', 'ignore_ament_install']
[0.619s] Level 1:colcon.colcon_core.package_identification:_identify(build) by extension 'ignore'
[0.619s] Level 1:colcon.colcon_core.package_identification:_identify(build) ignored
[0.620s] Level 1:colcon.colcon_core.package_identification:_identify(install) by extensions ['ignore', 'ignore_ament_install']
[0.620s] Level 1:colcon.colcon_core.package_identification:_identify(install) by extension 'ignore'
[0.620s] Level 1:colcon.colcon_core.package_identification:_identify(install) ignored
[0.620s] Level 1:colcon.colcon_core.package_identification:_identify(log) by extensions ['ignore', 'ignore_ament_install']
[0.620s] Level 1:colcon.colcon_core.package_identification:_identify(log) by extension 'ignore'
[0.620s] Level 1:colcon.colcon_core.package_identification:_identify(log) ignored
[0.620s] Level 1:colcon.colcon_core.package_identification:_identify(src) by extensions ['ignore', 'ignore_ament_install']
[0.620s] Level 1:colcon.colcon_core.package_identification:_identify(src) by extension 'ignore'
[0.620s] Level 1:colcon.colcon_core.package_identification:_identify(src) by extension 'ignore_ament_install'
[0.620s] Level 1:colcon.colcon_core.package_identification:_identify(src) by extensions ['colcon_pkg']
[0.620s] Level 1:colcon.colcon_core.package_identification:_identify(src) by extension 'colcon_pkg'
[0.620s] Level 1:colcon.colcon_core.package_identification:_identify(src) by extensions ['colcon_meta']
[0.620s] Level 1:colcon.colcon_core.package_identification:_identify(src) by extension 'colcon_meta'
[0.620s] Level 1:colcon.colcon_core.package_identification:_identify(src) by extensions ['ros']
[0.620s] Level 1:colcon.colcon_core.package_identification:_identify(src) by extension 'ros'
[0.620s] Level 1:colcon.colcon_core.package_identification:_identify(src) by extensions ['cmake', 'python']
[0.620s] Level 1:colcon.colcon_core.package_identification:_identify(src) by extension 'cmake'
[0.620s] Level 1:colcon.colcon_core.package_identification:_identify(src) by extension 'python'
[0.620s] Level 1:colcon.colcon_core.package_identification:_identify(src) by extensions ['python_setup_py']
[0.620s] Level 1:colcon.colcon_core.package_identification:_identify(src) by extension 'python_setup_py'
[0.620s] Level 1:colcon.colcon_core.package_identification:_identify(src/ola_mundo) by extensions ['ignore', 'ignore_ament_install']
[0.620s] Level 1:colcon.colcon_core.package_identification:_identify(src/ola_mundo) by extension 'ignore'
[0.620s] Level 1:colcon.colcon_core.package_identification:_identify(src/ola_mundo) by extension 'ignore_ament_install'
[0.620s] Level 1:colcon.colcon_core.package_identification:_identify(src/ola_mundo) by extensions ['colcon_pkg']
[0.620s] Level 1:colcon.colcon_core.package_identification:_identify(src/ola_mundo) by extension 'colcon_pkg'
[0.620s] Level 1:colcon.colcon_core.package_identification:_identify(src/ola_mundo) by extensions ['colcon_meta']
[0.620s] Level 1:colcon.colcon_core.package_identification:_identify(src/ola_mundo) by extension 'colcon_meta'
[0.620s] Level 1:colcon.colcon_core.package_identification:_identify(src/ola_mundo) by extensions ['ros']
[0.620s] Level 1:colcon.colcon_core.package_identification:_identify(src/ola_mundo) by extension 'ros'
[0.622s] DEBUG:colcon.colcon_core.package_identification:Package 'src/ola_mundo' with type 'ros.ament_python' and name 'ola_mundo'
[0.622s] Level 1:colcon.colcon_core.package_discovery:discover_packages(recursive) using defaults
[0.622s] Level 1:colcon.colcon_core.package_discovery:discover_packages(ignore) discover
[0.622s] Level 1:colcon.colcon_core.package_discovery:discover_packages(ignore) using defaults
[0.622s] Level 1:colcon.colcon_core.package_discovery:discover_packages(path) discover
[0.622s] Level 1:colcon.colcon_core.package_discovery:discover_packages(path) using defaults
[0.678s] Level 1:colcon.colcon_core.package_discovery:discover_packages(prefix_path) check parameters
[0.678s] Level 1:colcon.colcon_core.package_discovery:discover_packages(prefix_path) discover
[0.697s] DEBUG:colcon.colcon_installed_package_information.package_discovery:Found 399 installed packages in /opt/ros/humble
[0.699s] Level 1:colcon.colcon_core.package_discovery:discover_packages(prefix_path) using defaults
[0.773s] Level 5:colcon.colcon_core.verb:set package 'ola_mundo' build argument 'cmake_args' from command line to 'None'
[0.773s] Level 5:colcon.colcon_core.verb:set package 'ola_mundo' build argument 'cmake_target' from command line to 'None'
[0.773s] Level 5:colcon.colcon_core.verb:set package 'ola_mundo' build argument 'cmake_target_skip_unavailable' from command line to 'False'
[0.773s] Level 5:colcon.colcon_core.verb:set package 'ola_mundo' build argument 'cmake_clean_cache' from command line to 'False'
[0.773s] Level 5:colcon.colcon_core.verb:set package 'ola_mundo' build argument 'cmake_clean_first' from command line to 'False'
[0.773s] Level 5:colcon.colcon_core.verb:set package 'ola_mundo' build argument 'cmake_force_configure' from command line to 'False'
[0.773s] Level 5:colcon.colcon_core.verb:set package 'ola_mundo' build argument 'ament_cmake_args' from command line to 'None'
[0.773s] Level 5:colcon.colcon_core.verb:set package 'ola_mundo' build argument 'catkin_cmake_args' from command line to 'None'
[0.773s] Level 5:colcon.colcon_core.verb:set package 'ola_mundo' build argument 'catkin_skip_building_tests' from command line to 'False'
[0.773s] DEBUG:colcon.colcon_core.verb:Building package 'ola_mundo' with the following arguments: {'ament_cmake_args': None, 'build_base': '/home/antonio/Documents/Github/entregas/m-8/meu_workspace/build/ola_mundo', 'catkin_cmake_args': None, 'catkin_skip_building_tests': False, 'cmake_args': None, 'cmake_clean_cache': False, 'cmake_clean_first': False, 'cmake_force_configure': False, 'cmake_target': None, 'cmake_target_skip_unavailable': False, 'install_base': '/home/antonio/Documents/Github/entregas/m-8/meu_workspace/install/ola_mundo', 'merge_install': False, 'path': '/home/antonio/Documents/Github/entregas/m-8/meu_workspace/src/ola_mundo', 'symlink_install': False, 'test_result_base': None}
[0.781s] INFO:colcon.colcon_core.executor:Executing jobs using 'parallel' executor
[0.791s] DEBUG:colcon.colcon_parallel_executor.executor.parallel:run_until_complete
[0.791s] INFO:colcon.colcon_ros.task.ament_python.build:Building ROS package in '/home/antonio/Documents/Github/entregas/m-8/meu_workspace/src/ola_mundo' with build type 'ament_python'
[0.791s] Level 1:colcon.colcon_core.shell:create_environment_hook('ola_mundo', 'ament_prefix_path')
[0.801s] INFO:colcon.colcon_core.plugin_system:Skipping extension 'colcon_core.shell.bat': Not used on non-Windows systems
[0.801s] INFO:colcon.colcon_core.shell:Creating environment hook '/home/antonio/Documents/Github/entregas/m-8/meu_workspace/install/ola_mundo/share/ola_mundo/hook/ament_prefix_path.ps1'
[0.802s] INFO:colcon.colcon_core.shell:Creating environment descriptor '/home/antonio/Documents/Github/entregas/m-8/meu_workspace/install/ola_mundo/share/ola_mundo/hook/ament_prefix_path.dsv'
[0.803s] INFO:colcon.colcon_core.shell:Creating environment hook '/home/antonio/Documents/Github/entregas/m-8/meu_workspace/install/ola_mundo/share/ola_mundo/hook/ament_prefix_path.sh'
[0.813s] INFO:colcon.colcon_core.shell:Skip shell extension 'powershell' for command environment: Not usable outside of PowerShell
[0.813s] DEBUG:colcon.colcon_core.shell:Skip shell extension 'dsv' for command environment
[0.992s] INFO:colcon.colcon_core.task.python.build:Building Python package in '/home/antonio/Documents/Github/entregas/m-8/meu_workspace/src/ola_mundo'
[1.001s] INFO:colcon.colcon_core.shell:Skip shell extension 'powershell' for command environment: Not usable outside of PowerShell
[1.001s] DEBUG:colcon.colcon_core.shell:Skip shell extension 'dsv' for command environment
[1.253s] DEBUG:colcon.colcon_core.event_handler.log_command:Invoking command in '/home/antonio/Documents/Github/entregas/m-8/meu_workspace/src/ola_mundo': PYTHONPATH=/home/antonio/Documents/Github/entregas/m-8/meu_workspace/build/ola_mundo/prefix_override:/home/antonio/Documents/Github/entregas/m-8/meu_workspace/install/ola_mundo/lib/python3.10/site-packages:${PYTHONPATH} /usr/bin/python3 setup.py egg_info --egg-base ../../build/ola_mundo build --build-base /home/antonio/Documents/Github/entregas/m-8/meu_workspace/build/ola_mundo/build install --record /home/antonio/Documents/Github/entregas/m-8/meu_workspace/build/ola_mundo/install.log --single-version-externally-managed
[1.443s] DEBUG:colcon.colcon_core.event_handler.log_command:Invoked command in '/home/antonio/Documents/Github/entregas/m-8/meu_workspace/src/ola_mundo' returned '0': PYTHONPATH=/home/antonio/Documents/Github/entregas/m-8/meu_workspace/build/ola_mundo/prefix_override:/home/antonio/Documents/Github/entregas/m-8/meu_workspace/install/ola_mundo/lib/python3.10/site-packages:${PYTHONPATH} /usr/bin/python3 setup.py egg_info --egg-base ../../build/ola_mundo build --build-base /home/antonio/Documents/Github/entregas/m-8/meu_workspace/build/ola_mundo/build install --record /home/antonio/Documents/Github/entregas/m-8/meu_workspace/build/ola_mundo/install.log --single-version-externally-managed
[1.455s] Level 1:colcon.colcon_core.environment:checking '/home/antonio/Documents/Github/entregas/m-8/meu_workspace/install/ola_mundo' for CMake module files
[1.455s] Level 1:colcon.colcon_core.environment:checking '/home/antonio/Documents/Github/entregas/m-8/meu_workspace/install/ola_mundo' for CMake config files
[1.455s] Level 1:colcon.colcon_core.environment:checking '/home/antonio/Documents/Github/entregas/m-8/meu_workspace/install/ola_mundo/lib'
[1.455s] Level 1:colcon.colcon_core.environment:checking '/home/antonio/Documents/Github/entregas/m-8/meu_workspace/install/ola_mundo/bin'
[1.455s] Level 1:colcon.colcon_core.environment:checking '/home/antonio/Documents/Github/entregas/m-8/meu_workspace/install/ola_mundo/lib/pkgconfig/ola_mundo.pc'
[1.456s] Level 1:colcon.colcon_core.environment:checking '/home/antonio/Documents/Github/entregas/m-8/meu_workspace/install/ola_mundo/lib/python3.10/site-packages'
[1.456s] Level 1:colcon.colcon_core.shell:create_environment_hook('ola_mundo', 'pythonpath')
[1.464s] INFO:colcon.colcon_core.shell:Creating environment hook '/home/antonio/Documents/Github/entregas/m-8/meu_workspace/install/ola_mundo/share/ola_mundo/hook/pythonpath.ps1'
[1.464s] INFO:colcon.colcon_core.shell:Creating environment descriptor '/home/antonio/Documents/Github/entregas/m-8/meu_workspace/install/ola_mundo/share/ola_mundo/hook/pythonpath.dsv'
[1.465s] INFO:colcon.colcon_core.shell:Creating environment hook '/home/antonio/Documents/Github/entregas/m-8/meu_workspace/install/ola_mundo/share/ola_mundo/hook/pythonpath.sh'
[1.465s] Level 1:colcon.colcon_core.environment:checking '/home/antonio/Documents/Github/entregas/m-8/meu_workspace/install/ola_mundo/bin'
[1.465s] Level 1:colcon.colcon_core.environment:create_environment_scripts_only(ola_mundo)
[1.474s] INFO:colcon.colcon_core.shell:Creating package script '/home/antonio/Documents/Github/entregas/m-8/meu_workspace/install/ola_mundo/share/ola_mundo/package.ps1'
[1.474s] INFO:colcon.colcon_core.shell:Creating package descriptor '/home/antonio/Documents/Github/entregas/m-8/meu_workspace/install/ola_mundo/share/ola_mundo/package.dsv'
[1.475s] INFO:colcon.colcon_core.shell:Creating package script '/home/antonio/Documents/Github/entregas/m-8/meu_workspace/install/ola_mundo/share/ola_mundo/package.sh'
[1.475s] INFO:colcon.colcon_core.shell:Creating package script '/home/antonio/Documents/Github/entregas/m-8/meu_workspace/install/ola_mundo/share/ola_mundo/package.bash'
[1.476s] INFO:colcon.colcon_core.shell:Creating package script '/home/antonio/Documents/Github/entregas/m-8/meu_workspace/install/ola_mundo/share/ola_mundo/package.zsh'
[1.476s] Level 1:colcon.colcon_core.environment:create_file_with_runtime_dependencies(/home/antonio/Documents/Github/entregas/m-8/meu_workspace/install/ola_mundo/share/colcon-core/packages/ola_mundo)
[1.476s] DEBUG:colcon.colcon_parallel_executor.executor.parallel:closing loop
[1.477s] DEBUG:colcon.colcon_parallel_executor.executor.parallel:loop closed
[1.477s] DEBUG:colcon.colcon_parallel_executor.executor.parallel:run_until_complete finished with '0'
[1.477s] DEBUG:colcon.colcon_core.event_reactor:joining thread
[1.490s] INFO:colcon.colcon_core.plugin_system:Skipping extension 'colcon_notification.desktop_notification.terminal_notifier': Not used on non-Darwin systems
[1.490s] INFO:colcon.colcon_core.plugin_system:Skipping extension 'colcon_notification.desktop_notification.win32': Not used on non-Windows systems
[1.490s] INFO:colcon.colcon_notification.desktop_notification:Sending desktop notification using 'notify2'
[1.503s] DEBUG:colcon.colcon_core.event_reactor:joined thread
[1.513s] INFO:colcon.colcon_core.shell:Creating prefix script '/home/antonio/Documents/Github/entregas/m-8/meu_workspace/install/local_setup.ps1'
[1.514s] INFO:colcon.colcon_core.shell:Creating prefix util module '/home/antonio/Documents/Github/entregas/m-8/meu_workspace/install/_local_setup_util_ps1.py'
[1.515s] INFO:colcon.colcon_core.shell:Creating prefix chain script '/home/antonio/Documents/Github/entregas/m-8/meu_workspace/install/setup.ps1'
[1.525s] INFO:colcon.colcon_core.shell:Creating prefix script '/home/antonio/Documents/Github/entregas/m-8/meu_workspace/install/local_setup.sh'
[1.525s] INFO:colcon.colcon_core.shell:Creating prefix util module '/home/antonio/Documents/Github/entregas/m-8/meu_workspace/install/_local_setup_util_sh.py'
[1.525s] INFO:colcon.colcon_core.shell:Creating prefix chain script '/home/antonio/Documents/Github/entregas/m-8/meu_workspace/install/setup.sh'
[1.535s] INFO:colcon.colcon_core.shell:Creating prefix script '/home/antonio/Documents/Github/entregas/m-8/meu_workspace/install/local_setup.bash'
[1.535s] INFO:colcon.colcon_core.shell:Creating prefix chain script '/home/antonio/Documents/Github/entregas/m-8/meu_workspace/install/setup.bash'
[1.545s] INFO:colcon.colcon_core.shell:Creating prefix script '/home/antonio/Documents/Github/entregas/m-8/meu_workspace/install/local_setup.zsh'
[1.545s] INFO:colcon.colcon_core.shell:Creating prefix chain script '/home/antonio/Documents/Github/entregas/m-8/meu_workspace/install/setup.zsh'
