[0.445s] Invoking command in '/home/antonio/Documents/Github/entregas/m-8/meu_workspace/src/ola_mundo': PYTHONPATH=/home/antonio/Documents/Github/entregas/m-8/meu_workspace/build/ola_mundo/prefix_override:/home/antonio/Documents/Github/entregas/m-8/meu_workspace/install/ola_mundo/lib/python3.10/site-packages:${PYTHONPATH} /usr/bin/python3 setup.py egg_info --egg-base ../../build/ola_mundo build --build-base /home/antonio/Documents/Github/entregas/m-8/meu_workspace/build/ola_mundo/build install --record /home/antonio/Documents/Github/entregas/m-8/meu_workspace/build/ola_mundo/install.log --single-version-externally-managed
[0.588s] running egg_info
[0.588s] creating ../../build/ola_mundo/ola_mundo.egg-info
[0.589s] writing ../../build/ola_mundo/ola_mundo.egg-info/PKG-INFO
[0.589s] writing dependency_links to ../../build/ola_mundo/ola_mundo.egg-info/dependency_links.txt
[0.589s] writing entry points to ../../build/ola_mundo/ola_mundo.egg-info/entry_points.txt
[0.589s] writing requirements to ../../build/ola_mundo/ola_mundo.egg-info/requires.txt
[0.589s] writing top-level names to ../../build/ola_mundo/ola_mundo.egg-info/top_level.txt
[0.589s] writing manifest file '../../build/ola_mundo/ola_mundo.egg-info/SOURCES.txt'
[0.590s] reading manifest file '../../build/ola_mundo/ola_mundo.egg-info/SOURCES.txt'
[0.591s] writing manifest file '../../build/ola_mundo/ola_mundo.egg-info/SOURCES.txt'
[0.591s] running build
[0.591s] running build_py
[0.591s] creating /home/antonio/Documents/Github/entregas/m-8/meu_workspace/build/ola_mundo/build
[0.591s] creating /home/antonio/Documents/Github/entregas/m-8/meu_workspace/build/ola_mundo/build/lib
[0.591s] creating /home/antonio/Documents/Github/entregas/m-8/meu_workspace/build/ola_mundo/build/lib/ola_mundo
[0.591s] copying ola_mundo/__init__.py -> /home/antonio/Documents/Github/entregas/m-8/meu_workspace/build/ola_mundo/build/lib/ola_mundo
[0.592s] copying ola_mundo/ola.py -> /home/antonio/Documents/Github/entregas/m-8/meu_workspace/build/ola_mundo/build/lib/ola_mundo
[0.592s] running install
[0.592s] /usr/lib/python3/dist-packages/setuptools/command/install.py:34: SetuptoolsDeprecationWarning: setup.py install is deprecated. Use build and pip and other standards-based tools.
[0.592s]   warnings.warn(
[0.592s] running install_lib
[0.592s] creating /home/antonio/Documents/Github/entregas/m-8/meu_workspace/install/ola_mundo/lib/python3.10/site-packages/ola_mundo
[0.592s] copying /home/antonio/Documents/Github/entregas/m-8/meu_workspace/build/ola_mundo/build/lib/ola_mundo/__init__.py -> /home/antonio/Documents/Github/entregas/m-8/meu_workspace/install/ola_mundo/lib/python3.10/site-packages/ola_mundo
[0.592s] copying /home/antonio/Documents/Github/entregas/m-8/meu_workspace/build/ola_mundo/build/lib/ola_mundo/ola.py -> /home/antonio/Documents/Github/entregas/m-8/meu_workspace/install/ola_mundo/lib/python3.10/site-packages/ola_mundo
[0.593s] byte-compiling /home/antonio/Documents/Github/entregas/m-8/meu_workspace/install/ola_mundo/lib/python3.10/site-packages/ola_mundo/__init__.py to __init__.cpython-310.pyc
[0.593s] byte-compiling /home/antonio/Documents/Github/entregas/m-8/meu_workspace/install/ola_mundo/lib/python3.10/site-packages/ola_mundo/ola.py to ola.cpython-310.pyc
[0.593s] running install_data
[0.594s] creating /home/antonio/Documents/Github/entregas/m-8/meu_workspace/install/ola_mundo/share/ament_index
[0.594s] creating /home/antonio/Documents/Github/entregas/m-8/meu_workspace/install/ola_mundo/share/ament_index/resource_index
[0.594s] creating /home/antonio/Documents/Github/entregas/m-8/meu_workspace/install/ola_mundo/share/ament_index/resource_index/packages
[0.594s] copying resource/ola_mundo -> /home/antonio/Documents/Github/entregas/m-8/meu_workspace/install/ola_mundo/share/ament_index/resource_index/packages
[0.594s] copying package.xml -> /home/antonio/Documents/Github/entregas/m-8/meu_workspace/install/ola_mundo/share/ola_mundo
[0.594s] running install_egg_info
[0.595s] Copying ../../build/ola_mundo/ola_mundo.egg-info to /home/antonio/Documents/Github/entregas/m-8/meu_workspace/install/ola_mundo/lib/python3.10/site-packages/ola_mundo-0.0.0-py3.10.egg-info
[0.596s] running install_scripts
[0.610s] Installing ola script to /home/antonio/Documents/Github/entregas/m-8/meu_workspace/install/ola_mundo/lib/ola_mundo
[0.610s] writing list of installed files to '/home/antonio/Documents/Github/entregas/m-8/meu_workspace/build/ola_mundo/install.log'
[0.628s] Invoked command in '/home/antonio/Documents/Github/entregas/m-8/meu_workspace/src/ola_mundo' returned '0': PYTHONPATH=/home/antonio/Documents/Github/entregas/m-8/meu_workspace/build/ola_mundo/prefix_override:/home/antonio/Documents/Github/entregas/m-8/meu_workspace/install/ola_mundo/lib/python3.10/site-packages:${PYTHONPATH} /usr/bin/python3 setup.py egg_info --egg-base ../../build/ola_mundo build --build-base /home/antonio/Documents/Github/entregas/m-8/meu_workspace/build/ola_mundo/build install --record /home/antonio/Documents/Github/entregas/m-8/meu_workspace/build/ola_mundo/install.log --single-version-externally-managed
